[2026-05-08 23:16:33]	[info] incremental build: 47 source files changed
These source files will be recompiled
---
'd:\Name\Code\TI\Template_GCC\Core\main.c': compiler options has been changed.
'd:\Name\Code\TI\Template_GCC\Core\startup_mspm0g350x_gcc.c': compiler options has been changed.
'd:\Name\Code\TI\Template_GCC\Core\ti_msp_dl_config.c': source file has been changed.
'd:\Name\Code\TI\Template_GCC\Drivers\DL\dl_adc12.c': compiler options has been changed.
'd:\Name\Code\TI\Template_GCC\Drivers\DL\dl_aes.c': compiler options has been changed.
'd:\Name\Code\TI\Template_GCC\Drivers\DL\dl_aesadv.c': compiler options has been changed.
'd:\Name\Code\TI\Template_GCC\Drivers\DL\dl_common.c': compiler options has been changed.
'd:\Name\Code\TI\Template_GCC\Drivers\DL\dl_comp.c': compiler options has been changed.
'd:\Name\Code\TI\Template_GCC\Drivers\DL\dl_crc.c': compiler options has been changed.
'd:\Name\Code\TI\Template_GCC\Drivers\DL\dl_crcp.c': compiler options has been changed.
'd:\Name\Code\TI\Template_GCC\Drivers\DL\dl_dac12.c': compiler options has been changed.
'd:\Name\Code\TI\Template_GCC\Drivers\DL\dl_dma.c': compiler options has been changed.
'd:\Name\Code\TI\Template_GCC\Drivers\DL\dl_flashctl.c': compiler options has been changed.
'd:\Name\Code\TI\Template_GCC\Drivers\DL\dl_gpamp.c': compiler options has been changed.
'd:\Name\Code\TI\Template_GCC\Drivers\DL\dl_gpio.c': compiler options has been changed.
'd:\Name\Code\TI\Template_GCC\Drivers\DL\dl_i2c.c': compiler options has been changed.
'd:\Name\Code\TI\Template_GCC\Drivers\DL\dl_iwdt.c': compiler options has been changed.
'd:\Name\Code\TI\Template_GCC\Drivers\DL\dl_keystorectl.c': compiler options has been changed.
'd:\Name\Code\TI\Template_GCC\Drivers\DL\dl_lcd.c': compiler options has been changed.
'd:\Name\Code\TI\Template_GCC\Drivers\DL\dl_lfss.c': compiler options has been changed.
'd:\Name\Code\TI\Template_GCC\Drivers\DL\dl_mathacl.c': compiler options has been changed.
'd:\Name\Code\TI\Template_GCC\Drivers\DL\dl_mcan.c': compiler options has been changed.
'd:\Name\Code\TI\Template_GCC\Drivers\DL\dl_opa.c': compiler options has been changed.
'd:\Name\Code\TI\Template_GCC\Drivers\DL\dl_rtc.c': compiler options has been changed.
'd:\Name\Code\TI\Template_GCC\Drivers\DL\dl_rtc_a.c': compiler options has been changed.
'd:\Name\Code\TI\Template_GCC\Drivers\DL\dl_rtc_b.c': compiler options has been changed.
'd:\Name\Code\TI\Template_GCC\Drivers\DL\dl_rtc_common.c': compiler options has been changed.
'd:\Name\Code\TI\Template_GCC\Drivers\DL\dl_scratchpad.c': compiler options has been changed.
'd:\Name\Code\TI\Template_GCC\Drivers\DL\dl_spi.c': compiler options has been changed.
'd:\Name\Code\TI\Template_GCC\Drivers\DL\dl_tamperio.c': compiler options has been changed.
'd:\Name\Code\TI\Template_GCC\Drivers\DL\dl_timer.c': compiler options has been changed.
'd:\Name\Code\TI\Template_GCC\Drivers\DL\dl_timera.c': compiler options has been changed.
'd:\Name\Code\TI\Template_GCC\Drivers\DL\dl_timerg.c': compiler options has been changed.
'd:\Name\Code\TI\Template_GCC\Drivers\DL\dl_trng.c': compiler options has been changed.
'd:\Name\Code\TI\Template_GCC\Drivers\DL\dl_uart.c': compiler options has been changed.
'd:\Name\Code\TI\Template_GCC\Drivers\DL\dl_vref.c': compiler options has been changed.
'd:\Name\Code\TI\Template_GCC\Drivers\DL\dl_wwdt.c': compiler options has been changed.
'd:\Name\Code\TI\Template_GCC\Drivers\DL\m0p\dl_factoryregion.c': compiler options has been changed.
'd:\Name\Code\TI\Template_GCC\Drivers\DL\m0p\dl_interrupt.c': compiler options has been changed.
'd:\Name\Code\TI\Template_GCC\Drivers\DL\m0p\sysctl\dl_sysctl_mspm0c1105_c1106.c': compiler options has been changed.
'd:\Name\Code\TI\Template_GCC\Drivers\DL\m0p\sysctl\dl_sysctl_mspm0c110x.c': compiler options has been changed.
'd:\Name\Code\TI\Template_GCC\Drivers\DL\m0p\sysctl\dl_sysctl_mspm0g1x0x_g3x0x.c': compiler options has been changed.
'd:\Name\Code\TI\Template_GCC\Drivers\DL\m0p\sysctl\dl_sysctl_mspm0gx51x.c': compiler options has been changed.
'd:\Name\Code\TI\Template_GCC\Drivers\DL\m0p\sysctl\dl_sysctl_mspm0h321x.c': compiler options has been changed.
'd:\Name\Code\TI\Template_GCC\Drivers\DL\m0p\sysctl\dl_sysctl_mspm0l111x.c': compiler options has been changed.
'd:\Name\Code\TI\Template_GCC\Drivers\DL\m0p\sysctl\dl_sysctl_mspm0l11xx_l13xx.c': compiler options has been changed.
'd:\Name\Code\TI\Template_GCC\Drivers\DL\m0p\sysctl\dl_sysctl_mspm0l122x_l222x.c': compiler options has been changed.

[2026-05-08 23:16:33]	compilation failed at : "d:\Name\Code\TI\Template_GCC\Drivers\DL\dl_i2c.c", exit code: 1
command: 
  "D:\Tool\ArmGUNToolchain\bin\arm-none-eabi-gcc.exe" -c -xc -std=c11 -IMSPM0_SDK/source -IMSPM0_SDK/source/ti/devices -D"__MSPM0G3507__" -mcpu=cortex-m0plus -mthumb -Og -Wall -g -ffunction-sections -fdata-sections -funsigned-char --specs=nano.specs --specs=nosys.specs -o ./build/Debug/.obj/__/__/Drivers/DL/dl_i2c.o -MMD ./../../Drivers/DL/dl_i2c.c
   at unify_builder.Program.compileByMulThread(Int32 thrNum, CmdInfo[] cmds_, List`1 errLogs)
   at unify_builder.Program.Main(String[] args_)
---
In file included from MSPM0_SDK/source/ti/devices/msp/msp.h:58,
                 from ./../../Core/ti_msp_dl_config.h:54,
                 from ./../../Core/main.c:33:
MSPM0_SDK/source/ti/devices/msp/m0p/mspm0g350x.h:186:10: fatal error: core_cm0plus.h: No such file or directory
  186 | #include "core_cm0plus.h"                  /* Processor and core peripherals */
      |          ^~~~~~~~~~~~~~~~
compilation terminated.
In file included from MSPM0_SDK/source/ti/devices/msp/msp.h:58,
                 from ./../../Core/ti_msp_dl_config.h:54,
                 from ./../../Core/ti_msp_dl_config.c:41:
MSPM0_SDK/source/ti/devices/msp/m0p/mspm0g350x.h:186:10: fatal error: core_cm0plus.h: No such file or directory
  186 | #include "core_cm0plus.h"                  /* Processor and core peripherals */
      |          ^~~~~~~~~~~~~~~~
compilation terminated.
In file included from MSPM0_SDK/source/ti/devices/msp/msp.h:58,
                 from MSPM0_SDK/source/ti/driverlib/dl_aes.h:56,
                 from ./../../Drivers/DL/dl_aes.c:33:
MSPM0_SDK/source/ti/devices/msp/m0p/mspm0g350x.h:186:10: fatal error: core_cm0plus.h: No such file or directory
  186 | #include "core_cm0plus.h"                  /* Processor and core peripherals */
      |          ^~~~~~~~~~~~~~~~
compilation terminated.
In file included from MSPM0_SDK/source/ti/devices/msp/msp.h:58,
                 from MSPM0_SDK/source/ti/driverlib/dl_adc12.h:57,
                 from ./../../Drivers/DL/dl_adc12.c:33:
MSPM0_SDK/source/ti/devices/msp/m0p/mspm0g350x.h:186:10: fatal error: core_cm0plus.h: No such file or directory
  186 | #include "core_cm0plus.h"                  /* Processor and core peripherals */
      |          ^~~~~~~~~~~~~~~~
compilation terminated.
In file included from MSPM0_SDK/source/ti/devices/msp/msp.h:58,
                 from MSPM0_SDK/source/ti/driverlib/dl_aesadv.h:57,
                 from ./../../Drivers/DL/dl_aesadv.c:33:
MSPM0_SDK/source/ti/devices/msp/m0p/mspm0g350x.h:186:10: fatal error: core_cm0plus.h: No such file or directory
  186 | #include "core_cm0plus.h"                  /* Processor and core peripherals */
      |          ^~~~~~~~~~~~~~~~
compilation terminated.
In file included from MSPM0_SDK/source/ti/devices/msp/msp.h:58,
                 from MSPM0_SDK/source/ti/driverlib/dl_common.h:50,
                 from ./../../Drivers/DL/dl_common.c:35:
MSPM0_SDK/source/ti/devices/msp/m0p/mspm0g350x.h:186:10: fatal error: core_cm0plus.h: No such file or directory
  186 | #include "core_cm0plus.h"                  /* Processor and core peripherals */
      |          ^~~~~~~~~~~~~~~~
compilation terminated.
In file included from MSPM0_SDK/source/ti/devices/msp/msp.h:58,
                 from MSPM0_SDK/source/ti/driverlib/dl_comp.h:55,
                 from ./../../Drivers/DL/dl_comp.c:33:
MSPM0_SDK/source/ti/devices/msp/m0p/mspm0g350x.h:186:10: fatal error: core_cm0plus.h: No such file or directory
  186 | #include "core_cm0plus.h"                  /* Processor and core peripherals */
      |          ^~~~~~~~~~~~~~~~
compilation terminated.
In file included from MSPM0_SDK/source/ti/devices/msp/msp.h:58,
                 from MSPM0_SDK/source/ti/driverlib/dl_crc.h:57,
                 from ./../../Drivers/DL/dl_crc.c:33:
MSPM0_SDK/source/ti/devices/msp/m0p/mspm0g350x.h:186:10: fatal error: core_cm0plus.h: No such file or directory
  186 | #include "core_cm0plus.h"                  /* Processor and core peripherals */
      |          ^~~~~~~~~~~~~~~~
compilation terminated.
In file included from MSPM0_SDK/source/ti/devices/msp/msp.h:58,
                 from MSPM0_SDK/source/ti/driverlib/dl_crcp.h:62,
                 from ./../../Drivers/DL/dl_crcp.c:33:
MSPM0_SDK/source/ti/devices/msp/m0p/mspm0g350x.h:186:10: fatal error: core_cm0plus.h: No such file or directory
  186 | #include "core_cm0plus.h"                  /* Processor and core peripherals */
      |          ^~~~~~~~~~~~~~~~
compilation terminated.
In file included from MSPM0_SDK/source/ti/devices/msp/msp.h:58,
                 from MSPM0_SDK/source/ti/driverlib/dl_dac12.h:56,
                 from ./../../Drivers/DL/dl_dac12.c:33:
MSPM0_SDK/source/ti/devices/msp/m0p/mspm0g350x.h:186:10: fatal error: core_cm0plus.h: No such file or directory
  186 | #include "core_cm0plus.h"                  /* Processor and core peripherals */
      |          ^~~~~~~~~~~~~~~~
compilation terminated.
In file included from MSPM0_SDK/source/ti/devices/msp/msp.h:58,
                 from MSPM0_SDK/source/ti/driverlib/dl_dma.h:57,
                 from ./../../Drivers/DL/dl_dma.c:33:
MSPM0_SDK/source/ti/devices/msp/m0p/mspm0g350x.h:186:10: fatal error: core_cm0plus.h: No such file or directory
  186 | #include "core_cm0plus.h"                  /* Processor and core peripherals */
      |          ^~~~~~~~~~~~~~~~
compilation terminated.
In file included from MSPM0_SDK/source/ti/devices/msp/msp.h:58,
                 from MSPM0_SDK/source/ti/driverlib/dl_flashctl.h:57,
                 from ./../../Drivers/DL/dl_flashctl.c:37:
MSPM0_SDK/source/ti/devices/msp/m0p/mspm0g350x.h:186:10: fatal error: core_cm0plus.h: No such file or directory
  186 | #include "core_cm0plus.h"                  /* Processor and core peripherals */
      |          ^~~~~~~~~~~~~~~~
compilation terminated.
In file included from MSPM0_SDK/source/ti/devices/msp/msp.h:58,
                 from MSPM0_SDK/source/ti/driverlib/dl_gpamp.h:48,
                 from ./../../Drivers/DL/dl_gpamp.c:33:
MSPM0_SDK/source/ti/devices/msp/m0p/mspm0g350x.h:186:10: fatal error: core_cm0plus.h: No such file or directory
  186 | #include "core_cm0plus.h"                  /* Processor and core peripherals */
      |          ^~~~~~~~~~~~~~~~
compilation terminated.
In file included from MSPM0_SDK/source/ti/devices/msp/msp.h:58,
                 from MSPM0_SDK/source/ti/driverlib/dl_gpio.h:55,
                 from ./../../Drivers/DL/dl_gpio.c:33:
MSPM0_SDK/source/ti/devices/msp/m0p/mspm0g350x.h:186:10: fatal error: core_cm0plus.h: No such file or directory
  186 | #include "core_cm0plus.h"                  /* Processor and core peripherals */
      |          ^~~~~~~~~~~~~~~~
compilation terminated.
In file included from MSPM0_SDK/source/ti/devices/msp/msp.h:58,
                 from MSPM0_SDK/source/ti/driverlib/dl_i2c.h:57,
                 from ./../../Drivers/DL/dl_i2c.c:33:
MSPM0_SDK/source/ti/devices/msp/m0p/mspm0g350x.h:186:10: fatal error: core_cm0plus.h: No such file or directory
  186 | #include "core_cm0plus.h"                  /* Processor and core peripherals */
      |          ^~~~~~~~~~~~~~~~
compilation terminated.

[2026-05-08 23:18:53]	[info] incremental build: 46 source files changed
These source files will be recompiled
---
'd:\Name\Code\TI\Template_GCC\Core\main.c': compiler options has been changed.
'd:\Name\Code\TI\Template_GCC\Core\ti_msp_dl_config.c': source file has been changed.
'd:\Name\Code\TI\Template_GCC\Drivers\DL\dl_adc12.c': compiler options has been changed.
'd:\Name\Code\TI\Template_GCC\Drivers\DL\dl_aes.c': compiler options has been changed.
'd:\Name\Code\TI\Template_GCC\Drivers\DL\dl_aesadv.c': compiler options has been changed.
'd:\Name\Code\TI\Template_GCC\Drivers\DL\dl_common.c': compiler options has been changed.
'd:\Name\Code\TI\Template_GCC\Drivers\DL\dl_comp.c': compiler options has been changed.
'd:\Name\Code\TI\Template_GCC\Drivers\DL\dl_crc.c': compiler options has been changed.
'd:\Name\Code\TI\Template_GCC\Drivers\DL\dl_crcp.c': compiler options has been changed.
'd:\Name\Code\TI\Template_GCC\Drivers\DL\dl_dac12.c': compiler options has been changed.
'd:\Name\Code\TI\Template_GCC\Drivers\DL\dl_dma.c': compiler options has been changed.
'd:\Name\Code\TI\Template_GCC\Drivers\DL\dl_flashctl.c': compiler options has been changed.
'd:\Name\Code\TI\Template_GCC\Drivers\DL\dl_gpamp.c': compiler options has been changed.
'd:\Name\Code\TI\Template_GCC\Drivers\DL\dl_gpio.c': compiler options has been changed.
'd:\Name\Code\TI\Template_GCC\Drivers\DL\dl_i2c.c': compiler options has been changed.
'd:\Name\Code\TI\Template_GCC\Drivers\DL\dl_iwdt.c': compiler options has been changed.
'd:\Name\Code\TI\Template_GCC\Drivers\DL\dl_keystorectl.c': compiler options has been changed.
'd:\Name\Code\TI\Template_GCC\Drivers\DL\dl_lcd.c': compiler options has been changed.
'd:\Name\Code\TI\Template_GCC\Drivers\DL\dl_lfss.c': compiler options has been changed.
'd:\Name\Code\TI\Template_GCC\Drivers\DL\dl_mathacl.c': compiler options has been changed.
'd:\Name\Code\TI\Template_GCC\Drivers\DL\dl_mcan.c': compiler options has been changed.
'd:\Name\Code\TI\Template_GCC\Drivers\DL\dl_opa.c': compiler options has been changed.
'd:\Name\Code\TI\Template_GCC\Drivers\DL\dl_rtc.c': compiler options has been changed.
'd:\Name\Code\TI\Template_GCC\Drivers\DL\dl_rtc_a.c': compiler options has been changed.
'd:\Name\Code\TI\Template_GCC\Drivers\DL\dl_rtc_b.c': compiler options has been changed.
'd:\Name\Code\TI\Template_GCC\Drivers\DL\dl_rtc_common.c': compiler options has been changed.
'd:\Name\Code\TI\Template_GCC\Drivers\DL\dl_scratchpad.c': compiler options has been changed.
'd:\Name\Code\TI\Template_GCC\Drivers\DL\dl_spi.c': compiler options has been changed.
'd:\Name\Code\TI\Template_GCC\Drivers\DL\dl_tamperio.c': compiler options has been changed.
'd:\Name\Code\TI\Template_GCC\Drivers\DL\dl_timer.c': compiler options has been changed.
'd:\Name\Code\TI\Template_GCC\Drivers\DL\dl_timera.c': compiler options has been changed.
'd:\Name\Code\TI\Template_GCC\Drivers\DL\dl_timerg.c': compiler options has been changed.
'd:\Name\Code\TI\Template_GCC\Drivers\DL\dl_trng.c': compiler options has been changed.
'd:\Name\Code\TI\Template_GCC\Drivers\DL\dl_uart.c': compiler options has been changed.
'd:\Name\Code\TI\Template_GCC\Drivers\DL\dl_vref.c': compiler options has been changed.
'd:\Name\Code\TI\Template_GCC\Drivers\DL\dl_wwdt.c': compiler options has been changed.
'd:\Name\Code\TI\Template_GCC\Drivers\DL\m0p\dl_factoryregion.c': compiler options has been changed.
'd:\Name\Code\TI\Template_GCC\Drivers\DL\m0p\dl_interrupt.c': compiler options has been changed.
'd:\Name\Code\TI\Template_GCC\Drivers\DL\m0p\sysctl\dl_sysctl_mspm0c1105_c1106.c': compiler options has been changed.
'd:\Name\Code\TI\Template_GCC\Drivers\DL\m0p\sysctl\dl_sysctl_mspm0c110x.c': compiler options has been changed.
'd:\Name\Code\TI\Template_GCC\Drivers\DL\m0p\sysctl\dl_sysctl_mspm0g1x0x_g3x0x.c': compiler options has been changed.
'd:\Name\Code\TI\Template_GCC\Drivers\DL\m0p\sysctl\dl_sysctl_mspm0gx51x.c': compiler options has been changed.
'd:\Name\Code\TI\Template_GCC\Drivers\DL\m0p\sysctl\dl_sysctl_mspm0h321x.c': compiler options has been changed.
'd:\Name\Code\TI\Template_GCC\Drivers\DL\m0p\sysctl\dl_sysctl_mspm0l111x.c': compiler options has been changed.
'd:\Name\Code\TI\Template_GCC\Drivers\DL\m0p\sysctl\dl_sysctl_mspm0l11xx_l13xx.c': compiler options has been changed.
'd:\Name\Code\TI\Template_GCC\Drivers\DL\m0p\sysctl\dl_sysctl_mspm0l122x_l222x.c': compiler options has been changed.

[2026-05-08 23:18:54]	compilation failed at : "d:\Name\Code\TI\Template_GCC\Drivers\DL\dl_iwdt.c", exit code: 1
command: 
  "D:\Tool\ArmGUNToolchain\bin\arm-none-eabi-gcc.exe" -c -xc -std=c11 -IMSPM0_SDK/source -IMSPM0_SDK/source/ti/devices -D"__MSPM0G3507__" -mcpu=cortex-m0plus -mthumb -Og -Wall -g -ffunction-sections -fdata-sections -funsigned-char --specs=nano.specs --specs=nosys.specs -o ./build/Debug/.obj/__/__/Drivers/DL/dl_iwdt.o -MMD ./../../Drivers/DL/dl_iwdt.c
   at unify_builder.Program.compileByMulThread(Int32 thrNum, CmdInfo[] cmds_, List`1 errLogs)
   at unify_builder.Program.Main(String[] args_)
---
In file included from MSPM0_SDK/source/ti/devices/msp/msp.h:58,
                 from ./../../Core/ti_msp_dl_config.h:54,
                 from ./../../Core/main.c:33:
MSPM0_SDK/source/ti/devices/msp/m0p/mspm0g350x.h:186:10: fatal error: core_cm0plus.h: No such file or directory
  186 | #include "core_cm0plus.h"                  /* Processor and core peripherals */
      |          ^~~~~~~~~~~~~~~~
compilation terminated.
In file included from MSPM0_SDK/source/ti/devices/msp/msp.h:58,
                 from ./../../Core/ti_msp_dl_config.h:54,
                 from ./../../Core/ti_msp_dl_config.c:41:
MSPM0_SDK/source/ti/devices/msp/m0p/mspm0g350x.h:186:10: fatal error: core_cm0plus.h: No such file or directory
  186 | #include "core_cm0plus.h"                  /* Processor and core peripherals */
      |          ^~~~~~~~~~~~~~~~
compilation terminated.
In file included from MSPM0_SDK/source/ti/devices/msp/msp.h:58,
                 from MSPM0_SDK/source/ti/driverlib/dl_adc12.h:57,
                 from ./../../Drivers/DL/dl_adc12.c:33:
MSPM0_SDK/source/ti/devices/msp/m0p/mspm0g350x.h:186:10: fatal error: core_cm0plus.h: No such file or directory
  186 | #include "core_cm0plus.h"                  /* Processor and core peripherals */
      |          ^~~~~~~~~~~~~~~~
compilation terminated.
In file included from MSPM0_SDK/source/ti/devices/msp/msp.h:58,
                 from MSPM0_SDK/source/ti/driverlib/dl_aes.h:56,
                 from ./../../Drivers/DL/dl_aes.c:33:
MSPM0_SDK/source/ti/devices/msp/m0p/mspm0g350x.h:186:10: fatal error: core_cm0plus.h: No such file or directory
  186 | #include "core_cm0plus.h"                  /* Processor and core peripherals */
      |          ^~~~~~~~~~~~~~~~
compilation terminated.
In file included from MSPM0_SDK/source/ti/devices/msp/msp.h:58,
                 from MSPM0_SDK/source/ti/driverlib/dl_aesadv.h:57,
                 from ./../../Drivers/DL/dl_aesadv.c:33:
MSPM0_SDK/source/ti/devices/msp/m0p/mspm0g350x.h:186:10: fatal error: core_cm0plus.h: No such file or directory
  186 | #include "core_cm0plus.h"                  /* Processor and core peripherals */
      |          ^~~~~~~~~~~~~~~~
compilation terminated.
In file included from MSPM0_SDK/source/ti/devices/msp/msp.h:58,
                 from MSPM0_SDK/source/ti/driverlib/dl_common.h:50,
                 from ./../../Drivers/DL/dl_common.c:35:
MSPM0_SDK/source/ti/devices/msp/m0p/mspm0g350x.h:186:10: fatal error: core_cm0plus.h: No such file or directory
  186 | #include "core_cm0plus.h"                  /* Processor and core peripherals */
      |          ^~~~~~~~~~~~~~~~
compilation terminated.
In file included from MSPM0_SDK/source/ti/devices/msp/msp.h:58,
                 from MSPM0_SDK/source/ti/driverlib/dl_comp.h:55,
                 from ./../../Drivers/DL/dl_comp.c:33:
MSPM0_SDK/source/ti/devices/msp/m0p/mspm0g350x.h:186:10: fatal error: core_cm0plus.h: No such file or directory
  186 | #include "core_cm0plus.h"                  /* Processor and core peripherals */
      |          ^~~~~~~~~~~~~~~~
compilation terminated.
In file included from MSPM0_SDK/source/ti/devices/msp/msp.h:58,
                 from MSPM0_SDK/source/ti/driverlib/dl_crc.h:57,
                 from ./../../Drivers/DL/dl_crc.c:33:
MSPM0_SDK/source/ti/devices/msp/m0p/mspm0g350x.h:186:10: fatal error: core_cm0plus.h: No such file or directory
  186 | #include "core_cm0plus.h"                  /* Processor and core peripherals */
      |          ^~~~~~~~~~~~~~~~
compilation terminated.
In file included from MSPM0_SDK/source/ti/devices/msp/msp.h:58,
                 from MSPM0_SDK/source/ti/driverlib/dl_crcp.h:62,
                 from ./../../Drivers/DL/dl_crcp.c:33:
MSPM0_SDK/source/ti/devices/msp/m0p/mspm0g350x.h:186:10: fatal error: core_cm0plus.h: No such file or directory
  186 | #include "core_cm0plus.h"                  /* Processor and core peripherals */
      |          ^~~~~~~~~~~~~~~~
compilation terminated.
In file included from MSPM0_SDK/source/ti/devices/msp/msp.h:58,
                 from MSPM0_SDK/source/ti/driverlib/dl_dac12.h:56,
                 from ./../../Drivers/DL/dl_dac12.c:33:
MSPM0_SDK/source/ti/devices/msp/m0p/mspm0g350x.h:186:10: fatal error: core_cm0plus.h: No such file or directory
  186 | #include "core_cm0plus.h"                  /* Processor and core peripherals */
      |          ^~~~~~~~~~~~~~~~
compilation terminated.
In file included from MSPM0_SDK/source/ti/devices/msp/msp.h:58,
                 from MSPM0_SDK/source/ti/driverlib/dl_dma.h:57,
                 from ./../../Drivers/DL/dl_dma.c:33:
MSPM0_SDK/source/ti/devices/msp/m0p/mspm0g350x.h:186:10: fatal error: core_cm0plus.h: No such file or directory
  186 | #include "core_cm0plus.h"                  /* Processor and core peripherals */
      |          ^~~~~~~~~~~~~~~~
compilation terminated.
In file included from MSPM0_SDK/source/ti/devices/msp/msp.h:58,
                 from MSPM0_SDK/source/ti/driverlib/dl_flashctl.h:57,
                 from ./../../Drivers/DL/dl_flashctl.c:37:
MSPM0_SDK/source/ti/devices/msp/m0p/mspm0g350x.h:186:10: fatal error: core_cm0plus.h: No such file or directory
  186 | #include "core_cm0plus.h"                  /* Processor and core peripherals */
      |          ^~~~~~~~~~~~~~~~
compilation terminated.
In file included from MSPM0_SDK/source/ti/devices/msp/msp.h:58,
                 from MSPM0_SDK/source/ti/driverlib/dl_gpamp.h:48,
                 from ./../../Drivers/DL/dl_gpamp.c:33:
MSPM0_SDK/source/ti/devices/msp/m0p/mspm0g350x.h:186:10: fatal error: core_cm0plus.h: No such file or directory
  186 | #include "core_cm0plus.h"                  /* Processor and core peripherals */
      |          ^~~~~~~~~~~~~~~~
compilation terminated.
In file included from MSPM0_SDK/source/ti/devices/msp/msp.h:58,
                 from MSPM0_SDK/source/ti/driverlib/dl_gpio.h:55,
                 from ./../../Drivers/DL/dl_gpio.c:33:
MSPM0_SDK/source/ti/devices/msp/m0p/mspm0g350x.h:186:10: fatal error: core_cm0plus.h: No such file or directory
  186 | #include "core_cm0plus.h"                  /* Processor and core peripherals */
      |          ^~~~~~~~~~~~~~~~
compilation terminated.
In file included from MSPM0_SDK/source/ti/devices/msp/msp.h:58,
                 from MSPM0_SDK/source/ti/driverlib/dl_i2c.h:57,
                 from ./../../Drivers/DL/dl_i2c.c:33:
MSPM0_SDK/source/ti/devices/msp/m0p/mspm0g350x.h:186:10: fatal error: core_cm0plus.h: No such file or directory
  186 | #include "core_cm0plus.h"                  /* Processor and core peripherals */
      |          ^~~~~~~~~~~~~~~~
compilation terminated.
In file included from MSPM0_SDK/source/ti/devices/msp/msp.h:58,
                 from MSPM0_SDK/source/ti/driverlib/dl_comp.h:55,
                 from ./../../Drivers/DL/dl_iwdt.c:33:
MSPM0_SDK/source/ti/devices/msp/m0p/mspm0g350x.h:186:10: fatal error: core_cm0plus.h: No such file or directory
  186 | #include "core_cm0plus.h"                  /* Processor and core peripherals */
      |          ^~~~~~~~~~~~~~~~
compilation terminated.

[2026-05-08 23:19:37]	[info] incremental build: 46 source files changed
These source files will be recompiled
---
'd:\Name\Code\TI\Template_GCC\Core\main.c': compiler options has been changed.
'd:\Name\Code\TI\Template_GCC\Core\ti_msp_dl_config.c': source file has been changed.
'd:\Name\Code\TI\Template_GCC\Drivers\DL\dl_adc12.c': compiler options has been changed.
'd:\Name\Code\TI\Template_GCC\Drivers\DL\dl_aes.c': compiler options has been changed.
'd:\Name\Code\TI\Template_GCC\Drivers\DL\dl_aesadv.c': compiler options has been changed.
'd:\Name\Code\TI\Template_GCC\Drivers\DL\dl_common.c': compiler options has been changed.
'd:\Name\Code\TI\Template_GCC\Drivers\DL\dl_comp.c': compiler options has been changed.
'd:\Name\Code\TI\Template_GCC\Drivers\DL\dl_crc.c': compiler options has been changed.
'd:\Name\Code\TI\Template_GCC\Drivers\DL\dl_crcp.c': compiler options has been changed.
'd:\Name\Code\TI\Template_GCC\Drivers\DL\dl_dac12.c': compiler options has been changed.
'd:\Name\Code\TI\Template_GCC\Drivers\DL\dl_dma.c': compiler options has been changed.
'd:\Name\Code\TI\Template_GCC\Drivers\DL\dl_flashctl.c': compiler options has been changed.
'd:\Name\Code\TI\Template_GCC\Drivers\DL\dl_gpamp.c': compiler options has been changed.
'd:\Name\Code\TI\Template_GCC\Drivers\DL\dl_gpio.c': compiler options has been changed.
'd:\Name\Code\TI\Template_GCC\Drivers\DL\dl_i2c.c': compiler options has been changed.
'd:\Name\Code\TI\Template_GCC\Drivers\DL\dl_iwdt.c': compiler options has been changed.
'd:\Name\Code\TI\Template_GCC\Drivers\DL\dl_keystorectl.c': compiler options has been changed.
'd:\Name\Code\TI\Template_GCC\Drivers\DL\dl_lcd.c': compiler options has been changed.
'd:\Name\Code\TI\Template_GCC\Drivers\DL\dl_lfss.c': compiler options has been changed.
'd:\Name\Code\TI\Template_GCC\Drivers\DL\dl_mathacl.c': compiler options has been changed.
'd:\Name\Code\TI\Template_GCC\Drivers\DL\dl_mcan.c': compiler options has been changed.
'd:\Name\Code\TI\Template_GCC\Drivers\DL\dl_opa.c': compiler options has been changed.
'd:\Name\Code\TI\Template_GCC\Drivers\DL\dl_rtc.c': compiler options has been changed.
'd:\Name\Code\TI\Template_GCC\Drivers\DL\dl_rtc_a.c': compiler options has been changed.
'd:\Name\Code\TI\Template_GCC\Drivers\DL\dl_rtc_b.c': compiler options has been changed.
'd:\Name\Code\TI\Template_GCC\Drivers\DL\dl_rtc_common.c': compiler options has been changed.
'd:\Name\Code\TI\Template_GCC\Drivers\DL\dl_scratchpad.c': compiler options has been changed.
'd:\Name\Code\TI\Template_GCC\Drivers\DL\dl_spi.c': compiler options has been changed.
'd:\Name\Code\TI\Template_GCC\Drivers\DL\dl_tamperio.c': compiler options has been changed.
'd:\Name\Code\TI\Template_GCC\Drivers\DL\dl_timer.c': compiler options has been changed.
'd:\Name\Code\TI\Template_GCC\Drivers\DL\dl_timera.c': compiler options has been changed.
'd:\Name\Code\TI\Template_GCC\Drivers\DL\dl_timerg.c': compiler options has been changed.
'd:\Name\Code\TI\Template_GCC\Drivers\DL\dl_trng.c': compiler options has been changed.
'd:\Name\Code\TI\Template_GCC\Drivers\DL\dl_uart.c': compiler options has been changed.
'd:\Name\Code\TI\Template_GCC\Drivers\DL\dl_vref.c': compiler options has been changed.
'd:\Name\Code\TI\Template_GCC\Drivers\DL\dl_wwdt.c': compiler options has been changed.
'd:\Name\Code\TI\Template_GCC\Drivers\DL\m0p\dl_factoryregion.c': compiler options has been changed.
'd:\Name\Code\TI\Template_GCC\Drivers\DL\m0p\dl_interrupt.c': compiler options has been changed.
'd:\Name\Code\TI\Template_GCC\Drivers\DL\m0p\sysctl\dl_sysctl_mspm0c1105_c1106.c': compiler options has been changed.
'd:\Name\Code\TI\Template_GCC\Drivers\DL\m0p\sysctl\dl_sysctl_mspm0c110x.c': compiler options has been changed.
'd:\Name\Code\TI\Template_GCC\Drivers\DL\m0p\sysctl\dl_sysctl_mspm0g1x0x_g3x0x.c': compiler options has been changed.
'd:\Name\Code\TI\Template_GCC\Drivers\DL\m0p\sysctl\dl_sysctl_mspm0gx51x.c': compiler options has been changed.
'd:\Name\Code\TI\Template_GCC\Drivers\DL\m0p\sysctl\dl_sysctl_mspm0h321x.c': compiler options has been changed.
'd:\Name\Code\TI\Template_GCC\Drivers\DL\m0p\sysctl\dl_sysctl_mspm0l111x.c': compiler options has been changed.
'd:\Name\Code\TI\Template_GCC\Drivers\DL\m0p\sysctl\dl_sysctl_mspm0l11xx_l13xx.c': compiler options has been changed.
'd:\Name\Code\TI\Template_GCC\Drivers\DL\m0p\sysctl\dl_sysctl_mspm0l122x_l222x.c': compiler options has been changed.

[2026-05-08 23:19:37]	compilation failed at : "d:\Name\Code\TI\Template_GCC\Drivers\DL\dl_iwdt.c", exit code: 1
command: 
  "D:\Tool\ArmGUNToolchain\bin\arm-none-eabi-gcc.exe" -c -xc -std=c11 -IMSPM0_SDK/source -IMSPM0_SDK/source/ti/devices -D"__MSPM0G3507__" -mcpu=cortex-m0plus -mthumb -Og -Wall -g -ffunction-sections -fdata-sections -funsigned-char --specs=nano.specs --specs=nosys.specs -o ./build/Debug/.obj/__/__/Drivers/DL/dl_iwdt.o -MMD ./../../Drivers/DL/dl_iwdt.c
   at unify_builder.Program.compileByMulThread(Int32 thrNum, CmdInfo[] cmds_, List`1 errLogs)
   at unify_builder.Program.Main(String[] args_)
---
In file included from MSPM0_SDK/source/ti/devices/msp/msp.h:58,
                 from ./../../Core/ti_msp_dl_config.h:54,
                 from ./../../Core/ti_msp_dl_config.c:41:
MSPM0_SDK/source/ti/devices/msp/m0p/mspm0g350x.h:186:10: fatal error: core_cm0plus.h: No such file or directory
  186 | #include "core_cm0plus.h"                  /* Processor and core peripherals */
      |          ^~~~~~~~~~~~~~~~
compilation terminated.
In file included from MSPM0_SDK/source/ti/devices/msp/msp.h:58,
                 from ./../../Core/ti_msp_dl_config.h:54,
                 from ./../../Core/main.c:33:
MSPM0_SDK/source/ti/devices/msp/m0p/mspm0g350x.h:186:10: fatal error: core_cm0plus.h: No such file or directory
  186 | #include "core_cm0plus.h"                  /* Processor and core peripherals */
      |          ^~~~~~~~~~~~~~~~
compilation terminated.
In file included from MSPM0_SDK/source/ti/devices/msp/msp.h:58,
                 from MSPM0_SDK/source/ti/driverlib/dl_aes.h:56,
                 from ./../../Drivers/DL/dl_aes.c:33:
MSPM0_SDK/source/ti/devices/msp/m0p/mspm0g350x.h:186:10: fatal error: core_cm0plus.h: No such file or directory
  186 | #include "core_cm0plus.h"                  /* Processor and core peripherals */
      |          ^~~~~~~~~~~~~~~~
compilation terminated.
In file included from MSPM0_SDK/source/ti/devices/msp/msp.h:58,
                 from MSPM0_SDK/source/ti/driverlib/dl_adc12.h:57,
                 from ./../../Drivers/DL/dl_adc12.c:33:
MSPM0_SDK/source/ti/devices/msp/m0p/mspm0g350x.h:186:10: fatal error: core_cm0plus.h: No such file or directory
  186 | #include "core_cm0plus.h"                  /* Processor and core peripherals */
      |          ^~~~~~~~~~~~~~~~
compilation terminated.
In file included from MSPM0_SDK/source/ti/devices/msp/msp.h:58,
                 from MSPM0_SDK/source/ti/driverlib/dl_aesadv.h:57,
                 from ./../../Drivers/DL/dl_aesadv.c:33:
MSPM0_SDK/source/ti/devices/msp/m0p/mspm0g350x.h:186:10: fatal error: core_cm0plus.h: No such file or directory
  186 | #include "core_cm0plus.h"                  /* Processor and core peripherals */
      |          ^~~~~~~~~~~~~~~~
compilation terminated.
In file included from MSPM0_SDK/source/ti/devices/msp/msp.h:58,
                 from MSPM0_SDK/source/ti/driverlib/dl_common.h:50,
                 from ./../../Drivers/DL/dl_common.c:35:
MSPM0_SDK/source/ti/devices/msp/m0p/mspm0g350x.h:186:10: fatal error: core_cm0plus.h: No such file or directory
  186 | #include "core_cm0plus.h"                  /* Processor and core peripherals */
      |          ^~~~~~~~~~~~~~~~
compilation terminated.
In file included from MSPM0_SDK/source/ti/devices/msp/msp.h:58,
                 from MSPM0_SDK/source/ti/driverlib/dl_comp.h:55,
                 from ./../../Drivers/DL/dl_comp.c:33:
MSPM0_SDK/source/ti/devices/msp/m0p/mspm0g350x.h:186:10: fatal error: core_cm0plus.h: No such file or directory
  186 | #include "core_cm0plus.h"                  /* Processor and core peripherals */
      |          ^~~~~~~~~~~~~~~~
compilation terminated.
In file included from MSPM0_SDK/source/ti/devices/msp/msp.h:58,
                 from MSPM0_SDK/source/ti/driverlib/dl_crc.h:57,
                 from ./../../Drivers/DL/dl_crc.c:33:
MSPM0_SDK/source/ti/devices/msp/m0p/mspm0g350x.h:186:10: fatal error: core_cm0plus.h: No such file or directory
  186 | #include "core_cm0plus.h"                  /* Processor and core peripherals */
      |          ^~~~~~~~~~~~~~~~
compilation terminated.
In file included from MSPM0_SDK/source/ti/devices/msp/msp.h:58,
                 from MSPM0_SDK/source/ti/driverlib/dl_crcp.h:62,
                 from ./../../Drivers/DL/dl_crcp.c:33:
MSPM0_SDK/source/ti/devices/msp/m0p/mspm0g350x.h:186:10: fatal error: core_cm0plus.h: No such file or directory
  186 | #include "core_cm0plus.h"                  /* Processor and core peripherals */
      |          ^~~~~~~~~~~~~~~~
compilation terminated.
In file included from MSPM0_SDK/source/ti/devices/msp/msp.h:58,
                 from MSPM0_SDK/source/ti/driverlib/dl_dac12.h:56,
                 from ./../../Drivers/DL/dl_dac12.c:33:
MSPM0_SDK/source/ti/devices/msp/m0p/mspm0g350x.h:186:10: fatal error: core_cm0plus.h: No such file or directory
  186 | #include "core_cm0plus.h"                  /* Processor and core peripherals */
      |          ^~~~~~~~~~~~~~~~
compilation terminated.
In file included from MSPM0_SDK/source/ti/devices/msp/msp.h:58,
                 from MSPM0_SDK/source/ti/driverlib/dl_dma.h:57,
                 from ./../../Drivers/DL/dl_dma.c:33:
MSPM0_SDK/source/ti/devices/msp/m0p/mspm0g350x.h:186:10: fatal error: core_cm0plus.h: No such file or directory
  186 | #include "core_cm0plus.h"                  /* Processor and core peripherals */
      |          ^~~~~~~~~~~~~~~~
compilation terminated.
In file included from MSPM0_SDK/source/ti/devices/msp/msp.h:58,
                 from MSPM0_SDK/source/ti/driverlib/dl_flashctl.h:57,
                 from ./../../Drivers/DL/dl_flashctl.c:37:
MSPM0_SDK/source/ti/devices/msp/m0p/mspm0g350x.h:186:10: fatal error: core_cm0plus.h: No such file or directory
  186 | #include "core_cm0plus.h"                  /* Processor and core peripherals */
      |          ^~~~~~~~~~~~~~~~
compilation terminated.
In file included from MSPM0_SDK/source/ti/devices/msp/msp.h:58,
                 from MSPM0_SDK/source/ti/driverlib/dl_gpamp.h:48,
                 from ./../../Drivers/DL/dl_gpamp.c:33:
MSPM0_SDK/source/ti/devices/msp/m0p/mspm0g350x.h:186:10: fatal error: core_cm0plus.h: No such file or directory
  186 | #include "core_cm0plus.h"                  /* Processor and core peripherals */
      |          ^~~~~~~~~~~~~~~~
compilation terminated.
In file included from MSPM0_SDK/source/ti/devices/msp/msp.h:58,
                 from MSPM0_SDK/source/ti/driverlib/dl_gpio.h:55,
                 from ./../../Drivers/DL/dl_gpio.c:33:
MSPM0_SDK/source/ti/devices/msp/m0p/mspm0g350x.h:186:10: fatal error: core_cm0plus.h: No such file or directory
  186 | #include "core_cm0plus.h"                  /* Processor and core peripherals */
      |          ^~~~~~~~~~~~~~~~
compilation terminated.
In file included from MSPM0_SDK/source/ti/devices/msp/msp.h:58,
                 from MSPM0_SDK/source/ti/driverlib/dl_i2c.h:57,
                 from ./../../Drivers/DL/dl_i2c.c:33:
MSPM0_SDK/source/ti/devices/msp/m0p/mspm0g350x.h:186:10: fatal error: core_cm0plus.h: No such file or directory
  186 | #include "core_cm0plus.h"                  /* Processor and core peripherals */
      |          ^~~~~~~~~~~~~~~~
compilation terminated.
In file included from MSPM0_SDK/source/ti/devices/msp/msp.h:58,
                 from MSPM0_SDK/source/ti/driverlib/dl_comp.h:55,
                 from ./../../Drivers/DL/dl_iwdt.c:33:
MSPM0_SDK/source/ti/devices/msp/m0p/mspm0g350x.h:186:10: fatal error: core_cm0plus.h: No such file or directory
  186 | #include "core_cm0plus.h"                  /* Processor and core peripherals */
      |          ^~~~~~~~~~~~~~~~
compilation terminated.

[2026-05-08 23:20:47]	[info] incremental build: 47 source files changed
These source files will be recompiled
---
'd:\Name\Code\TI\Template_GCC\Core\main.c': compiler options has been changed.
'd:\Name\Code\TI\Template_GCC\Core\startup_mspm0g350x_gcc.c': compiler options has been changed.
'd:\Name\Code\TI\Template_GCC\Core\ti_msp_dl_config.c': source file has been changed.
'd:\Name\Code\TI\Template_GCC\Drivers\DL\dl_adc12.c': compiler options has been changed.
'd:\Name\Code\TI\Template_GCC\Drivers\DL\dl_aes.c': compiler options has been changed.
'd:\Name\Code\TI\Template_GCC\Drivers\DL\dl_aesadv.c': compiler options has been changed.
'd:\Name\Code\TI\Template_GCC\Drivers\DL\dl_common.c': compiler options has been changed.
'd:\Name\Code\TI\Template_GCC\Drivers\DL\dl_comp.c': compiler options has been changed.
'd:\Name\Code\TI\Template_GCC\Drivers\DL\dl_crc.c': compiler options has been changed.
'd:\Name\Code\TI\Template_GCC\Drivers\DL\dl_crcp.c': compiler options has been changed.
'd:\Name\Code\TI\Template_GCC\Drivers\DL\dl_dac12.c': compiler options has been changed.
'd:\Name\Code\TI\Template_GCC\Drivers\DL\dl_dma.c': compiler options has been changed.
'd:\Name\Code\TI\Template_GCC\Drivers\DL\dl_flashctl.c': compiler options has been changed.
'd:\Name\Code\TI\Template_GCC\Drivers\DL\dl_gpamp.c': compiler options has been changed.
'd:\Name\Code\TI\Template_GCC\Drivers\DL\dl_gpio.c': compiler options has been changed.
'd:\Name\Code\TI\Template_GCC\Drivers\DL\dl_i2c.c': compiler options has been changed.
'd:\Name\Code\TI\Template_GCC\Drivers\DL\dl_iwdt.c': compiler options has been changed.
'd:\Name\Code\TI\Template_GCC\Drivers\DL\dl_keystorectl.c': compiler options has been changed.
'd:\Name\Code\TI\Template_GCC\Drivers\DL\dl_lcd.c': compiler options has been changed.
'd:\Name\Code\TI\Template_GCC\Drivers\DL\dl_lfss.c': compiler options has been changed.
'd:\Name\Code\TI\Template_GCC\Drivers\DL\dl_mathacl.c': compiler options has been changed.
'd:\Name\Code\TI\Template_GCC\Drivers\DL\dl_mcan.c': compiler options has been changed.
'd:\Name\Code\TI\Template_GCC\Drivers\DL\dl_opa.c': compiler options has been changed.
'd:\Name\Code\TI\Template_GCC\Drivers\DL\dl_rtc.c': compiler options has been changed.
'd:\Name\Code\TI\Template_GCC\Drivers\DL\dl_rtc_a.c': compiler options has been changed.
'd:\Name\Code\TI\Template_GCC\Drivers\DL\dl_rtc_b.c': compiler options has been changed.
'd:\Name\Code\TI\Template_GCC\Drivers\DL\dl_rtc_common.c': compiler options has been changed.
'd:\Name\Code\TI\Template_GCC\Drivers\DL\dl_scratchpad.c': compiler options has been changed.
'd:\Name\Code\TI\Template_GCC\Drivers\DL\dl_spi.c': compiler options has been changed.
'd:\Name\Code\TI\Template_GCC\Drivers\DL\dl_tamperio.c': compiler options has been changed.
'd:\Name\Code\TI\Template_GCC\Drivers\DL\dl_timer.c': compiler options has been changed.
'd:\Name\Code\TI\Template_GCC\Drivers\DL\dl_timera.c': compiler options has been changed.
'd:\Name\Code\TI\Template_GCC\Drivers\DL\dl_timerg.c': compiler options has been changed.
'd:\Name\Code\TI\Template_GCC\Drivers\DL\dl_trng.c': compiler options has been changed.
'd:\Name\Code\TI\Template_GCC\Drivers\DL\dl_uart.c': compiler options has been changed.
'd:\Name\Code\TI\Template_GCC\Drivers\DL\dl_vref.c': compiler options has been changed.
'd:\Name\Code\TI\Template_GCC\Drivers\DL\dl_wwdt.c': compiler options has been changed.
'd:\Name\Code\TI\Template_GCC\Drivers\DL\m0p\dl_factoryregion.c': compiler options has been changed.
'd:\Name\Code\TI\Template_GCC\Drivers\DL\m0p\dl_interrupt.c': compiler options has been changed.
'd:\Name\Code\TI\Template_GCC\Drivers\DL\m0p\sysctl\dl_sysctl_mspm0c1105_c1106.c': compiler options has been changed.
'd:\Name\Code\TI\Template_GCC\Drivers\DL\m0p\sysctl\dl_sysctl_mspm0c110x.c': compiler options has been changed.
'd:\Name\Code\TI\Template_GCC\Drivers\DL\m0p\sysctl\dl_sysctl_mspm0g1x0x_g3x0x.c': compiler options has been changed.
'd:\Name\Code\TI\Template_GCC\Drivers\DL\m0p\sysctl\dl_sysctl_mspm0gx51x.c': compiler options has been changed.
'd:\Name\Code\TI\Template_GCC\Drivers\DL\m0p\sysctl\dl_sysctl_mspm0h321x.c': compiler options has been changed.
'd:\Name\Code\TI\Template_GCC\Drivers\DL\m0p\sysctl\dl_sysctl_mspm0l111x.c': compiler options has been changed.
'd:\Name\Code\TI\Template_GCC\Drivers\DL\m0p\sysctl\dl_sysctl_mspm0l11xx_l13xx.c': compiler options has been changed.
'd:\Name\Code\TI\Template_GCC\Drivers\DL\m0p\sysctl\dl_sysctl_mspm0l122x_l222x.c': compiler options has been changed.

[2026-05-08 23:20:48]	[done]
	build successfully !

[2026-05-08 23:21:00]	link failed !, exit code: 1
   at unify_builder.Program.Main(String[] args_)
---
d:/tool/armguntoolchain/bin/../lib/gcc/arm-none-eabi/10.3.1/../../../../arm-none-eabi/bin/ld.exe: ./build/Debug/.obj/__/__/Core/ti_msp_dl_config.o: in function `SYSCFG_DL_initPower':
d:\Name\Code\TI\Template_GCC\IDE\EIDE/./../../Core/ti_msp_dl_config.c:62: undefined reference to `DL_Common_delayCycles'
Memory region         Used Size  Region Size  %age Used
           FLASH:        1008 B       128 KB      0.77%
            SRAM:         136 B        32 KB      0.42%
      BCR_CONFIG:          0 GB        255 B      0.00%
      BSL_CONFIG:          0 GB        128 B      0.00%
collect2.exe: error: ld returned 1 exit status


[2026-05-08 23:28:03]	link failed !, exit code: 1
   at unify_builder.Program.Main(String[] args_)
---
d:/tool/armguntoolchain/bin/../lib/gcc/arm-none-eabi/10.3.1/../../../../arm-none-eabi/bin/ld.exe: ./build/Debug/.obj/__/__/Core/ti_msp_dl_config.o: in function `SYSCFG_DL_initPower':
d:\Name\Code\TI\Template_GCC\IDE\EIDE/./../../Core/ti_msp_dl_config.c:62: undefined reference to `DL_Common_delayCycles'
Memory region         Used Size  Region Size  %age Used
           FLASH:        1008 B       128 KB      0.77%
            SRAM:         136 B        32 KB      0.42%
      BCR_CONFIG:          0 GB        255 B      0.00%
      BSL_CONFIG:          0 GB        128 B      0.00%
collect2.exe: error: ld returned 1 exit status


[2026-05-08 23:28:27]	link failed !, exit code: 1
   at unify_builder.Program.Main(String[] args_)
---
d:/tool/armguntoolchain/bin/../lib/gcc/arm-none-eabi/10.3.1/../../../../arm-none-eabi/bin/ld.exe: ./build/Debug/.obj/__/__/Core/ti_msp_dl_config.o: in function `SYSCFG_DL_initPower':
d:\Name\Code\TI\Template_GCC\IDE\EIDE/./../../Core/ti_msp_dl_config.c:62: undefined reference to `DL_Common_delayCycles'
Memory region         Used Size  Region Size  %age Used
           FLASH:        1008 B       128 KB      0.77%
            SRAM:         136 B        32 KB      0.42%
      BCR_CONFIG:          0 GB        255 B      0.00%
      BSL_CONFIG:          0 GB        128 B      0.00%
collect2.exe: error: ld returned 1 exit status


[2026-05-08 23:29:02]	link failed !, exit code: 1
   at unify_builder.Program.Main(String[] args_)
---
d:/tool/armguntoolchain/bin/../lib/gcc/arm-none-eabi/10.3.1/../../../../arm-none-eabi/bin/ld.exe: ./build/Debug/.obj/__/__/Core/ti_msp_dl_config.o: in function `SYSCFG_DL_initPower':
d:\Name\Code\TI\Template_GCC\IDE\EIDE/./../../Core/ti_msp_dl_config.c:62: undefined reference to `DL_Common_delayCycles'
Memory region         Used Size  Region Size  %age Used
           FLASH:        1008 B       128 KB      0.77%
            SRAM:         136 B        32 KB      0.42%
      BCR_CONFIG:          0 GB        255 B      0.00%
      BSL_CONFIG:          0 GB        128 B      0.00%
collect2.exe: error: ld returned 1 exit status


[2026-05-08 23:30:23]	link failed !, exit code: 1
   at unify_builder.Program.Main(String[] args_)
---
d:/tool/armguntoolchain/bin/../lib/gcc/arm-none-eabi/10.3.1/../../../../arm-none-eabi/bin/ld.exe: ./build/Debug/.obj/__/__/Core/ti_msp_dl_config.o: in function `SYSCFG_DL_initPower':
d:\Name\Code\TI\Template_GCC\IDE\EIDE/./../../Core/ti_msp_dl_config.c:62: undefined reference to `DL_Common_delayCycles'
Memory region         Used Size  Region Size  %age Used
           FLASH:        1008 B       128 KB      0.77%
            SRAM:         136 B        32 KB      0.42%
      BCR_CONFIG:          0 GB        255 B      0.00%
      BSL_CONFIG:          0 GB        128 B      0.00%
collect2.exe: error: ld returned 1 exit status


[2026-05-08 23:33:02]	[info] incremental build: 2 source files changed
These source files will be recompiled
---
'd:\Name\Code\TI\Template_GCC\Core\main.c': dependence 'd:\Name\Code\TI\Template_GCC\IDE\EIDE\..\..\Core\ti_msp_dl_config.h' has been changed.
'd:\Name\Code\TI\Template_GCC\Core\ti_msp_dl_config.c': source file has been changed.

[2026-05-08 23:33:02]	[done]
	build successfully !

[2026-05-08 23:35:02]	[info] incremental build: 3 source files changed
These source files will be recompiled
---
'd:\Name\Code\TI\Template_GCC\Core\main.c': compiler options has been changed.
'd:\Name\Code\TI\Template_GCC\Core\startup_mspm0g350x_gcc.c': compiler options has been changed.
'd:\Name\Code\TI\Template_GCC\Core\ti_msp_dl_config.c': compiler options has been changed.

[2026-05-08 23:35:03]	link failed !, exit code: 1
   at unify_builder.Program.Main(String[] args_)
---
d:/tool/armguntoolchain/bin/../lib/gcc/arm-none-eabi/10.3.1/../../../../arm-none-eabi/bin/ld.exe: ./build/Debug/.obj/__/__/Core/ti_msp_dl_config.o: in function `SYSCFG_DL_initPower':
d:\Name\Code\TI\Template_GCC\IDE\EIDE/./../../Core/ti_msp_dl_config.c:62: undefined reference to `DL_Common_delayCycles'
Memory region         Used Size  Region Size  %age Used
           FLASH:        1008 B       128 KB      0.77%
            SRAM:         136 B        32 KB      0.42%
      BCR_CONFIG:          0 GB        255 B      0.00%
      BSL_CONFIG:          0 GB        128 B      0.00%
collect2.exe: error: ld returned 1 exit status


[2026-05-08 23:36:01]	[info] incremental build: 47 source files changed
These source files will be recompiled
---
'd:\Name\Code\TI\Template_GCC\Core\main.c': compiler options has been changed.
'd:\Name\Code\TI\Template_GCC\Core\startup_mspm0g350x_gcc.c': compiler options has been changed.
'd:\Name\Code\TI\Template_GCC\Core\ti_msp_dl_config.c': compiler options has been changed.
'd:\Name\Code\TI\Template_GCC\IDE\EIDE\MSPM0_SDK\source\ti\driverlib\dl_adc12.c': object (.o) file not exist
'd:\Name\Code\TI\Template_GCC\IDE\EIDE\MSPM0_SDK\source\ti\driverlib\dl_aes.c': object (.o) file not exist
'd:\Name\Code\TI\Template_GCC\IDE\EIDE\MSPM0_SDK\source\ti\driverlib\dl_aesadv.c': object (.o) file not exist
'd:\Name\Code\TI\Template_GCC\IDE\EIDE\MSPM0_SDK\source\ti\driverlib\dl_common.c': object (.o) file not exist
'd:\Name\Code\TI\Template_GCC\IDE\EIDE\MSPM0_SDK\source\ti\driverlib\dl_comp.c': object (.o) file not exist
'd:\Name\Code\TI\Template_GCC\IDE\EIDE\MSPM0_SDK\source\ti\driverlib\dl_crc.c': object (.o) file not exist
'd:\Name\Code\TI\Template_GCC\IDE\EIDE\MSPM0_SDK\source\ti\driverlib\dl_crcp.c': object (.o) file not exist
'd:\Name\Code\TI\Template_GCC\IDE\EIDE\MSPM0_SDK\source\ti\driverlib\dl_dac12.c': object (.o) file not exist
'd:\Name\Code\TI\Template_GCC\IDE\EIDE\MSPM0_SDK\source\ti\driverlib\dl_dma.c': object (.o) file not exist
'd:\Name\Code\TI\Template_GCC\IDE\EIDE\MSPM0_SDK\source\ti\driverlib\dl_flashctl.c': object (.o) file not exist
'd:\Name\Code\TI\Template_GCC\IDE\EIDE\MSPM0_SDK\source\ti\driverlib\dl_gpamp.c': object (.o) file not exist
'd:\Name\Code\TI\Template_GCC\IDE\EIDE\MSPM0_SDK\source\ti\driverlib\dl_gpio.c': object (.o) file not exist
'd:\Name\Code\TI\Template_GCC\IDE\EIDE\MSPM0_SDK\source\ti\driverlib\dl_i2c.c': object (.o) file not exist
'd:\Name\Code\TI\Template_GCC\IDE\EIDE\MSPM0_SDK\source\ti\driverlib\dl_iwdt.c': object (.o) file not exist
'd:\Name\Code\TI\Template_GCC\IDE\EIDE\MSPM0_SDK\source\ti\driverlib\dl_keystorectl.c': object (.o) file not exist
'd:\Name\Code\TI\Template_GCC\IDE\EIDE\MSPM0_SDK\source\ti\driverlib\dl_lcd.c': object (.o) file not exist
'd:\Name\Code\TI\Template_GCC\IDE\EIDE\MSPM0_SDK\source\ti\driverlib\dl_lfss.c': object (.o) file not exist
'd:\Name\Code\TI\Template_GCC\IDE\EIDE\MSPM0_SDK\source\ti\driverlib\dl_mathacl.c': object (.o) file not exist
'd:\Name\Code\TI\Template_GCC\IDE\EIDE\MSPM0_SDK\source\ti\driverlib\dl_mcan.c': object (.o) file not exist
'd:\Name\Code\TI\Template_GCC\IDE\EIDE\MSPM0_SDK\source\ti\driverlib\dl_opa.c': object (.o) file not exist
'd:\Name\Code\TI\Template_GCC\IDE\EIDE\MSPM0_SDK\source\ti\driverlib\dl_rtc.c': object (.o) file not exist
'd:\Name\Code\TI\Template_GCC\IDE\EIDE\MSPM0_SDK\source\ti\driverlib\dl_rtc_a.c': object (.o) file not exist
'd:\Name\Code\TI\Template_GCC\IDE\EIDE\MSPM0_SDK\source\ti\driverlib\dl_rtc_b.c': object (.o) file not exist
'd:\Name\Code\TI\Template_GCC\IDE\EIDE\MSPM0_SDK\source\ti\driverlib\dl_rtc_common.c': object (.o) file not exist
'd:\Name\Code\TI\Template_GCC\IDE\EIDE\MSPM0_SDK\source\ti\driverlib\dl_scratchpad.c': object (.o) file not exist
'd:\Name\Code\TI\Template_GCC\IDE\EIDE\MSPM0_SDK\source\ti\driverlib\dl_spi.c': object (.o) file not exist
'd:\Name\Code\TI\Template_GCC\IDE\EIDE\MSPM0_SDK\source\ti\driverlib\dl_tamperio.c': object (.o) file not exist
'd:\Name\Code\TI\Template_GCC\IDE\EIDE\MSPM0_SDK\source\ti\driverlib\dl_timer.c': object (.o) file not exist
'd:\Name\Code\TI\Template_GCC\IDE\EIDE\MSPM0_SDK\source\ti\driverlib\dl_timera.c': object (.o) file not exist
'd:\Name\Code\TI\Template_GCC\IDE\EIDE\MSPM0_SDK\source\ti\driverlib\dl_timerg.c': object (.o) file not exist
'd:\Name\Code\TI\Template_GCC\IDE\EIDE\MSPM0_SDK\source\ti\driverlib\dl_trng.c': object (.o) file not exist
'd:\Name\Code\TI\Template_GCC\IDE\EIDE\MSPM0_SDK\source\ti\driverlib\dl_uart.c': object (.o) file not exist
'd:\Name\Code\TI\Template_GCC\IDE\EIDE\MSPM0_SDK\source\ti\driverlib\dl_vref.c': object (.o) file not exist
'd:\Name\Code\TI\Template_GCC\IDE\EIDE\MSPM0_SDK\source\ti\driverlib\dl_wwdt.c': object (.o) file not exist
'd:\Name\Code\TI\Template_GCC\IDE\EIDE\MSPM0_SDK\source\ti\driverlib\m0p\dl_factoryregion.c': object (.o) file not exist
'd:\Name\Code\TI\Template_GCC\IDE\EIDE\MSPM0_SDK\source\ti\driverlib\m0p\dl_interrupt.c': object (.o) file not exist
'd:\Name\Code\TI\Template_GCC\IDE\EIDE\MSPM0_SDK\source\ti\driverlib\m0p\sysctl\dl_sysctl_mspm0c1105_c1106.c': object (.o) file not exist
'd:\Name\Code\TI\Template_GCC\IDE\EIDE\MSPM0_SDK\source\ti\driverlib\m0p\sysctl\dl_sysctl_mspm0c110x.c': object (.o) file not exist
'd:\Name\Code\TI\Template_GCC\IDE\EIDE\MSPM0_SDK\source\ti\driverlib\m0p\sysctl\dl_sysctl_mspm0g1x0x_g3x0x.c': object (.o) file not exist
'd:\Name\Code\TI\Template_GCC\IDE\EIDE\MSPM0_SDK\source\ti\driverlib\m0p\sysctl\dl_sysctl_mspm0gx51x.c': object (.o) file not exist
'd:\Name\Code\TI\Template_GCC\IDE\EIDE\MSPM0_SDK\source\ti\driverlib\m0p\sysctl\dl_sysctl_mspm0h321x.c': object (.o) file not exist
'd:\Name\Code\TI\Template_GCC\IDE\EIDE\MSPM0_SDK\source\ti\driverlib\m0p\sysctl\dl_sysctl_mspm0l111x.c': object (.o) file not exist
'd:\Name\Code\TI\Template_GCC\IDE\EIDE\MSPM0_SDK\source\ti\driverlib\m0p\sysctl\dl_sysctl_mspm0l11xx_l13xx.c': object (.o) file not exist
'd:\Name\Code\TI\Template_GCC\IDE\EIDE\MSPM0_SDK\source\ti\driverlib\m0p\sysctl\dl_sysctl_mspm0l122x_l222x.c': object (.o) file not exist

[2026-05-08 23:36:02]	[done]
	build successfully !

[2026-05-09 12:36:44]	[done]
	build successfully !

[2026-05-09 12:38:40]	[done]
	build successfully !

[2026-05-09 12:40:24]	[info] incremental build: 3 source files changed
These source files will be recompiled
---
'd:\Name\Code\TI\Template_GCC\Core\main.c': dependence 'd:\Name\Code\TI\Template_GCC\IDE\EIDE\MSPM0_SDK\source\ti\driverlib\dl_gpio.h' has been changed.
'd:\Name\Code\TI\Template_GCC\Core\ti_msp_dl_config.c': dependence 'd:\Name\Code\TI\Template_GCC\IDE\EIDE\MSPM0_SDK\source\ti\driverlib\dl_gpio.h' has been changed.
'd:\Name\Code\TI\Template_GCC\IDE\EIDE\MSPM0_SDK\source\ti\driverlib\dl_gpio.c': dependence 'd:\Name\Code\TI\Template_GCC\IDE\EIDE\MSPM0_SDK\source\ti\driverlib\dl_gpio.h' has been changed.

[2026-05-09 12:40:26]	[done]
	build successfully !

[2026-05-09 12:41:29]	[info] incremental build: 1 source files changed
These source files will be recompiled
---
'd:\Name\Code\TI\Template_GCC\App\System.c': object (.o) file not exist

[2026-05-09 12:41:29]	compilation failed at : "d:\Name\Code\TI\Template_GCC\App\System.c", exit code: 1
command: 
  "D:\Tool\ArmGUNToolchain\bin\arm-none-eabi-gcc.exe" -c -xc -std=c11 -IMSPM0_SDK/source -IMSPM0_SDK/source/ti/devices -IMSPM0_SDK/source/third_party/CMSIS/Core/Include -D"__MSPM0G3507__" -mcpu=cortex-m0plus -mthumb -Og -Wall -g -ffunction-sections -fdata-sections -funsigned-char --specs=nano.specs --specs=nosys.specs -o ./build/Debug/.obj/__/__/App/System.o -MMD ./../../App/System.c
   at unify_builder.Program.Main(String[] args_)
---
./../../App/System.c:33:10: fatal error: ti_msp_dl_config.h: No such file or directory
   33 | #include "ti_msp_dl_config.h"
      |          ^~~~~~~~~~~~~~~~~~~~
compilation terminated.

[2026-05-09 12:42:07]	[info] incremental build: 47 source files changed
These source files will be recompiled
---
'd:\Name\Code\TI\Template_GCC\App\System.c': object (.o) file not exist
'd:\Name\Code\TI\Template_GCC\Core\startup_mspm0g350x_gcc.c': compiler options has been changed.
'd:\Name\Code\TI\Template_GCC\Core\ti_msp_dl_config.c': compiler options has been changed.
'd:\Name\Code\TI\Template_GCC\IDE\EIDE\MSPM0_SDK\source\ti\driverlib\dl_adc12.c': compiler options has been changed.
'd:\Name\Code\TI\Template_GCC\IDE\EIDE\MSPM0_SDK\source\ti\driverlib\dl_aes.c': compiler options has been changed.
'd:\Name\Code\TI\Template_GCC\IDE\EIDE\MSPM0_SDK\source\ti\driverlib\dl_aesadv.c': compiler options has been changed.
'd:\Name\Code\TI\Template_GCC\IDE\EIDE\MSPM0_SDK\source\ti\driverlib\dl_common.c': compiler options has been changed.
'd:\Name\Code\TI\Template_GCC\IDE\EIDE\MSPM0_SDK\source\ti\driverlib\dl_comp.c': compiler options has been changed.
'd:\Name\Code\TI\Template_GCC\IDE\EIDE\MSPM0_SDK\source\ti\driverlib\dl_crc.c': compiler options has been changed.
'd:\Name\Code\TI\Template_GCC\IDE\EIDE\MSPM0_SDK\source\ti\driverlib\dl_crcp.c': compiler options has been changed.
'd:\Name\Code\TI\Template_GCC\IDE\EIDE\MSPM0_SDK\source\ti\driverlib\dl_dac12.c': compiler options has been changed.
'd:\Name\Code\TI\Template_GCC\IDE\EIDE\MSPM0_SDK\source\ti\driverlib\dl_dma.c': compiler options has been changed.
'd:\Name\Code\TI\Template_GCC\IDE\EIDE\MSPM0_SDK\source\ti\driverlib\dl_flashctl.c': compiler options has been changed.
'd:\Name\Code\TI\Template_GCC\IDE\EIDE\MSPM0_SDK\source\ti\driverlib\dl_gpamp.c': compiler options has been changed.
'd:\Name\Code\TI\Template_GCC\IDE\EIDE\MSPM0_SDK\source\ti\driverlib\dl_gpio.c': compiler options has been changed.
'd:\Name\Code\TI\Template_GCC\IDE\EIDE\MSPM0_SDK\source\ti\driverlib\dl_i2c.c': compiler options has been changed.
'd:\Name\Code\TI\Template_GCC\IDE\EIDE\MSPM0_SDK\source\ti\driverlib\dl_iwdt.c': compiler options has been changed.
'd:\Name\Code\TI\Template_GCC\IDE\EIDE\MSPM0_SDK\source\ti\driverlib\dl_keystorectl.c': compiler options has been changed.
'd:\Name\Code\TI\Template_GCC\IDE\EIDE\MSPM0_SDK\source\ti\driverlib\dl_lcd.c': compiler options has been changed.
'd:\Name\Code\TI\Template_GCC\IDE\EIDE\MSPM0_SDK\source\ti\driverlib\dl_lfss.c': compiler options has been changed.
'd:\Name\Code\TI\Template_GCC\IDE\EIDE\MSPM0_SDK\source\ti\driverlib\dl_mathacl.c': compiler options has been changed.
'd:\Name\Code\TI\Template_GCC\IDE\EIDE\MSPM0_SDK\source\ti\driverlib\dl_mcan.c': compiler options has been changed.
'd:\Name\Code\TI\Template_GCC\IDE\EIDE\MSPM0_SDK\source\ti\driverlib\dl_opa.c': compiler options has been changed.
'd:\Name\Code\TI\Template_GCC\IDE\EIDE\MSPM0_SDK\source\ti\driverlib\dl_rtc.c': compiler options has been changed.
'd:\Name\Code\TI\Template_GCC\IDE\EIDE\MSPM0_SDK\source\ti\driverlib\dl_rtc_a.c': compiler options has been changed.
'd:\Name\Code\TI\Template_GCC\IDE\EIDE\MSPM0_SDK\source\ti\driverlib\dl_rtc_b.c': compiler options has been changed.
'd:\Name\Code\TI\Template_GCC\IDE\EIDE\MSPM0_SDK\source\ti\driverlib\dl_rtc_common.c': compiler options has been changed.
'd:\Name\Code\TI\Template_GCC\IDE\EIDE\MSPM0_SDK\source\ti\driverlib\dl_scratchpad.c': compiler options has been changed.
'd:\Name\Code\TI\Template_GCC\IDE\EIDE\MSPM0_SDK\source\ti\driverlib\dl_spi.c': compiler options has been changed.
'd:\Name\Code\TI\Template_GCC\IDE\EIDE\MSPM0_SDK\source\ti\driverlib\dl_tamperio.c': compiler options has been changed.
'd:\Name\Code\TI\Template_GCC\IDE\EIDE\MSPM0_SDK\source\ti\driverlib\dl_timer.c': compiler options has been changed.
'd:\Name\Code\TI\Template_GCC\IDE\EIDE\MSPM0_SDK\source\ti\driverlib\dl_timera.c': compiler options has been changed.
'd:\Name\Code\TI\Template_GCC\IDE\EIDE\MSPM0_SDK\source\ti\driverlib\dl_timerg.c': compiler options has been changed.
'd:\Name\Code\TI\Template_GCC\IDE\EIDE\MSPM0_SDK\source\ti\driverlib\dl_trng.c': compiler options has been changed.
'd:\Name\Code\TI\Template_GCC\IDE\EIDE\MSPM0_SDK\source\ti\driverlib\dl_uart.c': compiler options has been changed.
'd:\Name\Code\TI\Template_GCC\IDE\EIDE\MSPM0_SDK\source\ti\driverlib\dl_vref.c': compiler options has been changed.
'd:\Name\Code\TI\Template_GCC\IDE\EIDE\MSPM0_SDK\source\ti\driverlib\dl_wwdt.c': compiler options has been changed.
'd:\Name\Code\TI\Template_GCC\IDE\EIDE\MSPM0_SDK\source\ti\driverlib\m0p\dl_factoryregion.c': compiler options has been changed.
'd:\Name\Code\TI\Template_GCC\IDE\EIDE\MSPM0_SDK\source\ti\driverlib\m0p\dl_interrupt.c': compiler options has been changed.
'd:\Name\Code\TI\Template_GCC\IDE\EIDE\MSPM0_SDK\source\ti\driverlib\m0p\sysctl\dl_sysctl_mspm0c1105_c1106.c': compiler options has been changed.
'd:\Name\Code\TI\Template_GCC\IDE\EIDE\MSPM0_SDK\source\ti\driverlib\m0p\sysctl\dl_sysctl_mspm0c110x.c': compiler options has been changed.
'd:\Name\Code\TI\Template_GCC\IDE\EIDE\MSPM0_SDK\source\ti\driverlib\m0p\sysctl\dl_sysctl_mspm0g1x0x_g3x0x.c': compiler options has been changed.
'd:\Name\Code\TI\Template_GCC\IDE\EIDE\MSPM0_SDK\source\ti\driverlib\m0p\sysctl\dl_sysctl_mspm0gx51x.c': compiler options has been changed.
'd:\Name\Code\TI\Template_GCC\IDE\EIDE\MSPM0_SDK\source\ti\driverlib\m0p\sysctl\dl_sysctl_mspm0h321x.c': compiler options has been changed.
'd:\Name\Code\TI\Template_GCC\IDE\EIDE\MSPM0_SDK\source\ti\driverlib\m0p\sysctl\dl_sysctl_mspm0l111x.c': compiler options has been changed.
'd:\Name\Code\TI\Template_GCC\IDE\EIDE\MSPM0_SDK\source\ti\driverlib\m0p\sysctl\dl_sysctl_mspm0l11xx_l13xx.c': compiler options has been changed.
'd:\Name\Code\TI\Template_GCC\IDE\EIDE\MSPM0_SDK\source\ti\driverlib\m0p\sysctl\dl_sysctl_mspm0l122x_l222x.c': compiler options has been changed.

[2026-05-09 12:42:08]	[done]
	build successfully !

[2026-05-09 12:42:32]	[info] incremental build: 47 source files changed
These source files will be recompiled
---
'd:\Name\Code\TI\Template_GCC\App\System.c': compiler options has been changed.
'd:\Name\Code\TI\Template_GCC\Core\startup_mspm0g350x_gcc.c': compiler options has been changed.
'd:\Name\Code\TI\Template_GCC\Core\ti_msp_dl_config.c': compiler options has been changed.
'd:\Name\Code\TI\Template_GCC\IDE\EIDE\MSPM0_SDK\source\ti\driverlib\dl_adc12.c': compiler options has been changed.
'd:\Name\Code\TI\Template_GCC\IDE\EIDE\MSPM0_SDK\source\ti\driverlib\dl_aes.c': compiler options has been changed.
'd:\Name\Code\TI\Template_GCC\IDE\EIDE\MSPM0_SDK\source\ti\driverlib\dl_aesadv.c': compiler options has been changed.
'd:\Name\Code\TI\Template_GCC\IDE\EIDE\MSPM0_SDK\source\ti\driverlib\dl_common.c': compiler options has been changed.
'd:\Name\Code\TI\Template_GCC\IDE\EIDE\MSPM0_SDK\source\ti\driverlib\dl_comp.c': compiler options has been changed.
'd:\Name\Code\TI\Template_GCC\IDE\EIDE\MSPM0_SDK\source\ti\driverlib\dl_crc.c': compiler options has been changed.
'd:\Name\Code\TI\Template_GCC\IDE\EIDE\MSPM0_SDK\source\ti\driverlib\dl_crcp.c': compiler options has been changed.
'd:\Name\Code\TI\Template_GCC\IDE\EIDE\MSPM0_SDK\source\ti\driverlib\dl_dac12.c': compiler options has been changed.
'd:\Name\Code\TI\Template_GCC\IDE\EIDE\MSPM0_SDK\source\ti\driverlib\dl_dma.c': compiler options has been changed.
'd:\Name\Code\TI\Template_GCC\IDE\EIDE\MSPM0_SDK\source\ti\driverlib\dl_flashctl.c': compiler options has been changed.
'd:\Name\Code\TI\Template_GCC\IDE\EIDE\MSPM0_SDK\source\ti\driverlib\dl_gpamp.c': compiler options has been changed.
'd:\Name\Code\TI\Template_GCC\IDE\EIDE\MSPM0_SDK\source\ti\driverlib\dl_gpio.c': compiler options has been changed.
'd:\Name\Code\TI\Template_GCC\IDE\EIDE\MSPM0_SDK\source\ti\driverlib\dl_i2c.c': compiler options has been changed.
'd:\Name\Code\TI\Template_GCC\IDE\EIDE\MSPM0_SDK\source\ti\driverlib\dl_iwdt.c': compiler options has been changed.
'd:\Name\Code\TI\Template_GCC\IDE\EIDE\MSPM0_SDK\source\ti\driverlib\dl_keystorectl.c': compiler options has been changed.
'd:\Name\Code\TI\Template_GCC\IDE\EIDE\MSPM0_SDK\source\ti\driverlib\dl_lcd.c': compiler options has been changed.
'd:\Name\Code\TI\Template_GCC\IDE\EIDE\MSPM0_SDK\source\ti\driverlib\dl_lfss.c': compiler options has been changed.
'd:\Name\Code\TI\Template_GCC\IDE\EIDE\MSPM0_SDK\source\ti\driverlib\dl_mathacl.c': compiler options has been changed.
'd:\Name\Code\TI\Template_GCC\IDE\EIDE\MSPM0_SDK\source\ti\driverlib\dl_mcan.c': compiler options has been changed.
'd:\Name\Code\TI\Template_GCC\IDE\EIDE\MSPM0_SDK\source\ti\driverlib\dl_opa.c': compiler options has been changed.
'd:\Name\Code\TI\Template_GCC\IDE\EIDE\MSPM0_SDK\source\ti\driverlib\dl_rtc.c': compiler options has been changed.
'd:\Name\Code\TI\Template_GCC\IDE\EIDE\MSPM0_SDK\source\ti\driverlib\dl_rtc_a.c': compiler options has been changed.
'd:\Name\Code\TI\Template_GCC\IDE\EIDE\MSPM0_SDK\source\ti\driverlib\dl_rtc_b.c': compiler options has been changed.
'd:\Name\Code\TI\Template_GCC\IDE\EIDE\MSPM0_SDK\source\ti\driverlib\dl_rtc_common.c': compiler options has been changed.
'd:\Name\Code\TI\Template_GCC\IDE\EIDE\MSPM0_SDK\source\ti\driverlib\dl_scratchpad.c': compiler options has been changed.
'd:\Name\Code\TI\Template_GCC\IDE\EIDE\MSPM0_SDK\source\ti\driverlib\dl_spi.c': compiler options has been changed.
'd:\Name\Code\TI\Template_GCC\IDE\EIDE\MSPM0_SDK\source\ti\driverlib\dl_tamperio.c': compiler options has been changed.
'd:\Name\Code\TI\Template_GCC\IDE\EIDE\MSPM0_SDK\source\ti\driverlib\dl_timer.c': compiler options has been changed.
'd:\Name\Code\TI\Template_GCC\IDE\EIDE\MSPM0_SDK\source\ti\driverlib\dl_timera.c': compiler options has been changed.
'd:\Name\Code\TI\Template_GCC\IDE\EIDE\MSPM0_SDK\source\ti\driverlib\dl_timerg.c': compiler options has been changed.
'd:\Name\Code\TI\Template_GCC\IDE\EIDE\MSPM0_SDK\source\ti\driverlib\dl_trng.c': compiler options has been changed.
'd:\Name\Code\TI\Template_GCC\IDE\EIDE\MSPM0_SDK\source\ti\driverlib\dl_uart.c': compiler options has been changed.
'd:\Name\Code\TI\Template_GCC\IDE\EIDE\MSPM0_SDK\source\ti\driverlib\dl_vref.c': compiler options has been changed.
'd:\Name\Code\TI\Template_GCC\IDE\EIDE\MSPM0_SDK\source\ti\driverlib\dl_wwdt.c': compiler options has been changed.
'd:\Name\Code\TI\Template_GCC\IDE\EIDE\MSPM0_SDK\source\ti\driverlib\m0p\dl_factoryregion.c': compiler options has been changed.
'd:\Name\Code\TI\Template_GCC\IDE\EIDE\MSPM0_SDK\source\ti\driverlib\m0p\dl_interrupt.c': compiler options has been changed.
'd:\Name\Code\TI\Template_GCC\IDE\EIDE\MSPM0_SDK\source\ti\driverlib\m0p\sysctl\dl_sysctl_mspm0c1105_c1106.c': compiler options has been changed.
'd:\Name\Code\TI\Template_GCC\IDE\EIDE\MSPM0_SDK\source\ti\driverlib\m0p\sysctl\dl_sysctl_mspm0c110x.c': compiler options has been changed.
'd:\Name\Code\TI\Template_GCC\IDE\EIDE\MSPM0_SDK\source\ti\driverlib\m0p\sysctl\dl_sysctl_mspm0g1x0x_g3x0x.c': compiler options has been changed.
'd:\Name\Code\TI\Template_GCC\IDE\EIDE\MSPM0_SDK\source\ti\driverlib\m0p\sysctl\dl_sysctl_mspm0gx51x.c': compiler options has been changed.
'd:\Name\Code\TI\Template_GCC\IDE\EIDE\MSPM0_SDK\source\ti\driverlib\m0p\sysctl\dl_sysctl_mspm0h321x.c': compiler options has been changed.
'd:\Name\Code\TI\Template_GCC\IDE\EIDE\MSPM0_SDK\source\ti\driverlib\m0p\sysctl\dl_sysctl_mspm0l111x.c': compiler options has been changed.
'd:\Name\Code\TI\Template_GCC\IDE\EIDE\MSPM0_SDK\source\ti\driverlib\m0p\sysctl\dl_sysctl_mspm0l11xx_l13xx.c': compiler options has been changed.
'd:\Name\Code\TI\Template_GCC\IDE\EIDE\MSPM0_SDK\source\ti\driverlib\m0p\sysctl\dl_sysctl_mspm0l122x_l222x.c': compiler options has been changed.

[2026-05-09 12:42:33]	[done]
	build successfully !

[2026-05-09 12:55:55]	[done]
	build successfully !

